<?xml version="1.0" encoding="UTF-8"?>
<!-- Generated by org.testng.reporters.JUnitXMLReporter -->
<testsuite ignored="0" hostname="DESKTOP-U4N34CQ" failures="0" tests="5" name="Test" time="45.714" errors="0" timestamp="2024-02-05T12:57:08 IST">
  <testcase classname="testcase.LoginPageTest" name="test" time="7.415"/>
  <testcase classname="testcase.LoginPageTest" name="test2" time="10.152"/>
  <testcase classname="testcase.RegistrationTest" name="testlogin1" time="0.146"/>
  <testcase classname="testcase.RegistrationTest" name="testlogin2" time="9.104"/>
  <testcase classname="testcase.RegistrationTest" name="testlogin3" time="2.761"/>
</testsuite> <!-- Test -->
