<?xml version="1.0" encoding="UTF-8"?>
<testng-results ignored="0" total="5" passed="5" failed="0" skipped="0">
  <reporter-output>
  </reporter-output>
  <suite started-at="2024-02-05T12:56:21 IST" name="Suite" finished-at="2024-02-05T12:57:07 IST" duration-ms="45714">
    <groups>
    </groups>
    <test started-at="2024-02-05T12:56:21 IST" name="Test" finished-at="2024-02-05T12:57:07 IST" duration-ms="45714">
      <class name="testcase.LoginPageTest">
        <test-method is-config="true" signature="setUp()[pri:0, instance:testcase.LoginPageTest@1cf6d1be]" started-at="2024-02-05T12:56:22 IST" name="setUp" finished-at="2024-02-05T12:56:31 IST" duration-ms="8802" status="PASS">
          <reporter-output>
          </reporter-output>
        </test-method> <!-- setUp -->
        <test-method signature="test()[pri:1, instance:testcase.LoginPageTest@1cf6d1be]" started-at="2024-02-05T12:56:31 IST" name="test" finished-at="2024-02-05T12:56:38 IST" duration-ms="7415" status="PASS">
          <reporter-output>
          </reporter-output>
        </test-method> <!-- test -->
        <test-method signature="test2()[pri:2, instance:testcase.LoginPageTest@1cf6d1be]" started-at="2024-02-05T12:56:38 IST" name="test2" finished-at="2024-02-05T12:56:48 IST" duration-ms="10152" status="PASS">
          <reporter-output>
          </reporter-output>
        </test-method> <!-- test2 -->
        <test-method is-config="true" signature="tearDown()[pri:0, instance:testcase.LoginPageTest@1cf6d1be]" started-at="2024-02-05T12:56:48 IST" name="tearDown" finished-at="2024-02-05T12:56:49 IST" duration-ms="486" status="PASS">
          <reporter-output>
          </reporter-output>
        </test-method> <!-- tearDown -->
      </class> <!-- testcase.LoginPageTest -->
      <class name="testcase.RegistrationTest">
        <test-method is-config="true" signature="setUp()[pri:0, instance:testcase.RegistrationTest@548d708a]" started-at="2024-02-05T12:56:49 IST" name="setUp" finished-at="2024-02-05T12:56:55 IST" duration-ms="5743" status="PASS">
          <reporter-output>
          </reporter-output>
        </test-method> <!-- setUp -->
        <test-method signature="testlogin1()[pri:0, instance:testcase.RegistrationTest@548d708a]" started-at="2024-02-05T12:56:55 IST" name="testlogin1" finished-at="2024-02-05T12:56:55 IST" duration-ms="146" status="PASS">
          <reporter-output>
          </reporter-output>
        </test-method> <!-- testlogin1 -->
        <test-method signature="testlogin2()[pri:0, instance:testcase.RegistrationTest@548d708a]" started-at="2024-02-05T12:56:55 IST" name="testlogin2" finished-at="2024-02-05T12:57:04 IST" duration-ms="9104" status="PASS">
          <reporter-output>
          </reporter-output>
        </test-method> <!-- testlogin2 -->
        <test-method signature="testlogin3()[pri:0, instance:testcase.RegistrationTest@548d708a]" started-at="2024-02-05T12:57:04 IST" name="testlogin3" finished-at="2024-02-05T12:57:07 IST" duration-ms="2761" status="PASS">
          <reporter-output>
          </reporter-output>
        </test-method> <!-- testlogin3 -->
        <test-method is-config="true" signature="tearDown()[pri:0, instance:testcase.RegistrationTest@548d708a]" started-at="2024-02-05T12:57:07 IST" name="tearDown" finished-at="2024-02-05T12:57:07 IST" duration-ms="435" status="PASS">
          <reporter-output>
          </reporter-output>
        </test-method> <!-- tearDown -->
      </class> <!-- testcase.RegistrationTest -->
    </test> <!-- Test -->
  </suite> <!-- Suite -->
</testng-results>
